-------------------------------------------------------------------------------
Test set: Contacts Page
-------------------------------------------------------------------------------
Tests run: 1, Failures: 1, Errors: 0, Skipped: 0, Time elapsed: 10.784 s <<< FAILURE! - in Contacts Page
login as a given user(Contacts Page)  Time elapsed: 10.784 s  <<< FAILURE!
org.junit.ComparisonFailure: Verify title expected:<Dashboard[s]> but was:<Dashboard[]>

